2022-10-08 23:14:26,086 [INFO] Activator:177 - 


2022-10-08 23:14:26,087 [INFO] Activator:178 - !SESSION log4j initialized
2022-10-08 23:14:59,948 [ERROR] LogOutputStream:74 - [STDERR_REDIRECT] SLF4J: Failed to load class "org.slf4j.impl.StaticLoggerBinder".
2022-10-08 23:14:59,949 [ERROR] LogOutputStream:74 - [STDERR_REDIRECT] SLF4J: Defaulting to no-operation (NOP) logger implementation
2022-10-08 23:14:59,953 [ERROR] LogOutputStream:74 - [STDERR_REDIRECT] SLF4J: See http://www.slf4j.org/codes.html#StaticLoggerBinder for further details.
2022-10-08 23:20:25,149 [ERROR] ConfigurationRetriever:139 - IOException on connection: Read timed out
2022-10-08 23:55:55,631 [INFO] Activator:177 - 


2022-10-08 23:55:55,633 [INFO] Activator:178 - !SESSION log4j initialized
2022-10-08 23:56:05,751 [ERROR] ConfigurationRetriever:139 - IOException on connection: sw-center.st.com
2022-10-08 23:56:05,752 [ERROR] ConfigurationRetriever:139 - IOException on connection: sw-center.st.com
2022-10-08 23:56:05,754 [ERROR] ConfigurationRetriever:139 - IOException on connection: sw-center.st.com
2022-10-08 23:56:09,745 [ERROR] ConfigurationRetriever:139 - IOException on connection: sw-center.st.com
2022-10-08 23:56:09,746 [ERROR] ConfigurationRetriever:139 - IOException on connection: sw-center.st.com
2022-10-08 23:56:09,746 [ERROR] ConfigurationRetriever:139 - IOException on connection: sw-center.st.com
2022-10-08 23:56:11,090 [ERROR] ConfigurationRetriever:139 - IOException on connection: sw-center.st.com
2022-10-08 23:56:11,093 [ERROR] ConfigurationRetriever:139 - IOException on connection: sw-center.st.com
2022-10-08 23:56:11,093 [ERROR] ConfigurationRetriever:139 - IOException on connection: sw-center.st.com
2022-10-08 23:56:28,737 [ERROR] LogOutputStream:74 - [STDERR_REDIRECT] SLF4J: Failed to load class "org.slf4j.impl.StaticLoggerBinder".
2022-10-08 23:56:28,737 [ERROR] LogOutputStream:74 - [STDERR_REDIRECT] SLF4J: Defaulting to no-operation (NOP) logger implementation
2022-10-08 23:56:28,737 [ERROR] LogOutputStream:74 - [STDERR_REDIRECT] SLF4J: See http://www.slf4j.org/codes.html#StaticLoggerBinder for further details.
2022-10-08 23:59:56,104 [ERROR] ConfigurationRetriever:139 - IOException on connection: sw-center.st.com
2022-10-08 23:59:56,106 [ERROR] ConfigurationRetriever:139 - IOException on connection: sw-center.st.com
2022-10-08 23:59:56,106 [ERROR] ConfigurationRetriever:139 - IOException on connection: sw-center.st.com
2022-10-09 00:01:01,134 [INFO] Activator:177 - 


2022-10-09 00:01:01,138 [INFO] Activator:178 - !SESSION log4j initialized
2022-10-09 00:01:10,260 [ERROR] ConfigurationRetriever:139 - IOException on connection: sw-center.st.com
2022-10-09 00:01:10,260 [ERROR] ConfigurationRetriever:139 - IOException on connection: sw-center.st.com
2022-10-09 00:01:10,260 [ERROR] ConfigurationRetriever:139 - IOException on connection: sw-center.st.com
2022-10-09 00:01:20,938 [ERROR] ConfigurationRetriever:139 - IOException on connection: sw-center.st.com
2022-10-09 00:01:20,939 [ERROR] ConfigurationRetriever:139 - IOException on connection: sw-center.st.com
2022-10-09 00:01:20,940 [ERROR] ConfigurationRetriever:139 - IOException on connection: sw-center.st.com
2022-10-09 00:01:33,213 [ERROR] LogOutputStream:74 - [STDERR_REDIRECT] SLF4J: Failed to load class "org.slf4j.impl.StaticLoggerBinder".
2022-10-09 00:01:33,213 [ERROR] LogOutputStream:74 - [STDERR_REDIRECT] SLF4J: Defaulting to no-operation (NOP) logger implementation
2022-10-09 00:01:33,213 [ERROR] LogOutputStream:74 - [STDERR_REDIRECT] SLF4J: See http://www.slf4j.org/codes.html#StaticLoggerBinder for further details.
2022-10-09 00:13:48,412 [ERROR] ConfigurationRetriever:139 - IOException on connection: sw-center.st.com
2022-10-09 00:13:48,413 [ERROR] ConfigurationRetriever:139 - IOException on connection: sw-center.st.com
2022-10-09 00:13:48,414 [ERROR] ConfigurationRetriever:139 - IOException on connection: sw-center.st.com
2022-10-09 00:13:58,251 [ERROR] ConfigurationRetriever:139 - IOException on connection: sw-center.st.com
2022-10-09 00:13:58,251 [ERROR] ConfigurationRetriever:139 - IOException on connection: sw-center.st.com
2022-10-09 00:13:58,252 [ERROR] ConfigurationRetriever:139 - IOException on connection: sw-center.st.com
2022-10-09 00:20:36,992 [ERROR] ConfigurationRetriever:139 - IOException on connection: sw-center.st.com
2022-10-09 00:20:36,993 [ERROR] ConfigurationRetriever:139 - IOException on connection: sw-center.st.com
2022-10-09 00:20:36,993 [ERROR] ConfigurationRetriever:139 - IOException on connection: sw-center.st.com
2022-10-10 00:12:23,065 [INFO] Activator:177 - 


2022-10-10 00:12:23,065 [INFO] Activator:178 - !SESSION log4j initialized
2022-10-10 00:12:54,809 [ERROR] LogOutputStream:74 - [STDERR_REDIRECT] SLF4J: Failed to load class "org.slf4j.impl.StaticLoggerBinder".
2022-10-10 00:12:54,813 [ERROR] LogOutputStream:74 - [STDERR_REDIRECT] SLF4J: Defaulting to no-operation (NOP) logger implementation
2022-10-10 00:12:54,814 [ERROR] LogOutputStream:74 - [STDERR_REDIRECT] SLF4J: See http://www.slf4j.org/codes.html#StaticLoggerBinder for further details.
2022-10-10 01:01:49,305 [ERROR] AdobePublisher:162 - Exception while opening the connection: java.net.SocketTimeoutException: Read timed out
2022-10-10 01:40:18,794 [INFO] LogOutputStream:76 - [STDOUT_REDIRECT] StartTraceHandler.execute(), success : Collect=true
2022-10-10 01:47:42,995 [ERROR] LogOutputStream:74 - [STDERR_REDIRECT] Exception in thread "SWV client thread" java.lang.NullPointerException
2022-10-10 01:47:43,001 [ERROR] LogOutputStream:74 - [STDERR_REDIRECT] 	at com.st.stm32cube.ide.mcu.debug.swv.core.SWVPlugin.debugTrace(SWVPlugin.java:86)
2022-10-10 01:47:43,004 [ERROR] LogOutputStream:74 - [STDERR_REDIRECT] 	at com.st.stm32cube.ide.mcu.debug.swv.core.SWVClient.TRACE(SWVClient.java:763)
2022-10-10 01:47:43,004 [ERROR] LogOutputStream:74 - [STDERR_REDIRECT] 	at com.st.stm32cube.ide.mcu.debug.swv.core.SWVClient.readByte(SWVClient.java:295)
2022-10-10 01:47:43,014 [ERROR] LogOutputStream:74 - [STDERR_REDIRECT] 	at com.st.stm32cube.ide.mcu.debug.swv.core.SWVClient.getNextByte(SWVClient.java:278)
2022-10-10 01:47:43,014 [ERROR] LogOutputStream:74 - [STDERR_REDIRECT] 	at com.st.stm32cube.ide.mcu.debug.swv.core.SWVClient.run(SWVClient.java:312)
